INFO: [VRFC 10-2263] Analyzing Verilog file "C:/verilog project/project_22/project_22.srcs/sources_1/new/mux21.v" into library xil_defaultlib
INFO: [VRFC 10-311] analyzing module mux21
INFO: [VRFC 10-2263] Analyzing Verilog file "C:/verilog project/project_22/project_22.srcs/sources_1/new/shift.v" into library xil_defaultlib
INFO: [VRFC 10-311] analyzing module shift
INFO: [VRFC 10-2263] Analyzing Verilog file "C:/verilog project/project_22/project_22.ip_user_files/bd/design_2/ip/design_2_xlslice_0_0/sim/design_2_xlslice_0_0.v" into library xil_defaultlib
INFO: [VRFC 10-311] analyzing module design_2_xlslice_0_0
INFO: [VRFC 10-2263] Analyzing Verilog file "C:/verilog project/project_22/project_22.ip_user_files/bd/design_2/ip/design_2_xlslice_0_1/sim/design_2_xlslice_0_1.v" into library xil_defaultlib
INFO: [VRFC 10-311] analyzing module design_2_xlslice_0_1
INFO: [VRFC 10-2263] Analyzing Verilog file "C:/verilog project/project_22/project_22.ip_user_files/bd/design_2/ip/design_2_xlslice_0_2/sim/design_2_xlslice_0_2.v" into library xil_defaultlib
INFO: [VRFC 10-311] analyzing module design_2_xlslice_0_2
INFO: [VRFC 10-2263] Analyzing Verilog file "C:/verilog project/project_22/project_22.ip_user_files/bd/design_2/ip/design_2_xlslice_0_3/sim/design_2_xlslice_0_3.v" into library xil_defaultlib
INFO: [VRFC 10-311] analyzing module design_2_xlslice_0_3
INFO: [VRFC 10-2263] Analyzing Verilog file "C:/verilog project/project_22/project_22.ip_user_files/bd/design_2/ip/design_2_xlslice_0_4/sim/design_2_xlslice_0_4.v" into library xil_defaultlib
INFO: [VRFC 10-311] analyzing module design_2_xlslice_0_4
INFO: [VRFC 10-2263] Analyzing Verilog file "C:/verilog project/project_22/project_22.ip_user_files/bd/design_2/ip/design_2_xlslice_0_5/sim/design_2_xlslice_0_5.v" into library xil_defaultlib
INFO: [VRFC 10-311] analyzing module design_2_xlslice_0_5
INFO: [VRFC 10-2263] Analyzing Verilog file "C:/verilog project/project_22/project_22.ip_user_files/bd/design_2/ip/design_2_xlslice_0_6/sim/design_2_xlslice_0_6.v" into library xil_defaultlib
INFO: [VRFC 10-311] analyzing module design_2_xlslice_0_6
INFO: [VRFC 10-2263] Analyzing Verilog file "C:/verilog project/project_22/project_22.ip_user_files/bd/design_2/ip/design_2_xlslice_0_7/sim/design_2_xlslice_0_7.v" into library xil_defaultlib
INFO: [VRFC 10-311] analyzing module design_2_xlslice_0_7
INFO: [VRFC 10-2263] Analyzing Verilog file "C:/verilog project/project_22/project_22.ip_user_files/bd/design_2/ip/design_2_xlslice_8_0/sim/design_2_xlslice_8_0.v" into library xil_defaultlib
INFO: [VRFC 10-311] analyzing module design_2_xlslice_8_0
INFO: [VRFC 10-2263] Analyzing Verilog file "C:/verilog project/project_22/project_22.ip_user_files/bd/design_2/ip/design_2_xlslice_8_1/sim/design_2_xlslice_8_1.v" into library xil_defaultlib
INFO: [VRFC 10-311] analyzing module design_2_xlslice_8_1
INFO: [VRFC 10-2263] Analyzing Verilog file "C:/verilog project/project_22/project_22.ip_user_files/bd/design_2/ip/design_2_mux21_0_0/sim/design_2_mux21_0_0.v" into library xil_defaultlib
INFO: [VRFC 10-311] analyzing module design_2_mux21_0_0
INFO: [VRFC 10-2263] Analyzing Verilog file "C:/verilog project/project_22/project_22.ip_user_files/bd/design_2/ip/design_2_shift_0_0/sim/design_2_shift_0_0.v" into library xil_defaultlib
INFO: [VRFC 10-311] analyzing module design_2_shift_0_0
INFO: [VRFC 10-2263] Analyzing Verilog file "C:/verilog project/project_22/project_22.ip_user_files/bd/design_2/ip/design_2_shift_0_1/sim/design_2_shift_0_1.v" into library xil_defaultlib
INFO: [VRFC 10-311] analyzing module design_2_shift_0_1
INFO: [VRFC 10-2263] Analyzing Verilog file "C:/verilog project/project_22/project_22.ip_user_files/bd/design_2/sim/design_2.v" into library xil_defaultlib
INFO: [VRFC 10-311] analyzing module design_2
INFO: [VRFC 10-311] analyzing module hier_0_imp_13NGO1O
INFO: [VRFC 10-311] analyzing module hier_1_imp_16M0QNZ
INFO: [VRFC 10-311] analyzing module hier_3_imp_Y555WP
INFO: [VRFC 10-311] analyzing module hier_4_imp_15LXWVB
INFO: [VRFC 10-311] analyzing module hier_4_imp_ZODW7O
INFO: [VRFC 10-311] analyzing module hier_5_imp_28UB37
INFO: [VRFC 10-2263] Analyzing Verilog file "C:/verilog project/project_22/project_22.gen/sources_1/bd/design_2/hdl/design_2_wrapper.v" into library xil_defaultlib
INFO: [VRFC 10-311] analyzing module design_2_wrapper
