Vivado Simulator v2024.2.0
Copyright 1986-2022 Xilinx, Inc. All Rights Reserved.
Copyright 2022-2024 Advanced Micro Devices, Inc. All Rights Reserved.
Running: C:/Vivado/2024.2/bin/unwrapped/win64.o/xelab.exe --incr --debug typical --relax --mt 2 -L xil_defaultlib -L xlslice_v1_0_4 -L unisims_ver -L unimacro_ver -L secureip -L xpm --snapshot design_2_wrapper_behav xil_defaultlib.design_2_wrapper xil_defaultlib.glbl -log elaborate.log 
Using 2 slave threads.
Starting static elaboration
Pass Through NonSizing Optimizer
Completed static elaboration
Starting simulation data flow analysis
Completed simulation data flow analysis
Time Resolution for simulation is 1ps
Compiling module xlslice_v1_0_4.xlslice_v1_0_4_xlslice(DIN_WIDTH...
Compiling module xil_defaultlib.design_2_xlslice_0_0
Compiling module xlslice_v1_0_4.xlslice_v1_0_4_xlslice(DIN_WIDTH...
Compiling module xil_defaultlib.design_2_xlslice_0_1
Compiling module xlslice_v1_0_4.xlslice_v1_0_4_xlslice(DIN_WIDTH...
Compiling module xil_defaultlib.design_2_xlslice_0_2
Compiling module xlslice_v1_0_4.xlslice_v1_0_4_xlslice(DIN_WIDTH...
Compiling module xil_defaultlib.design_2_xlslice_0_3
Compiling module xlslice_v1_0_4.xlslice_v1_0_4_xlslice(DIN_WIDTH...
Compiling module xil_defaultlib.design_2_xlslice_0_4
Compiling module xlslice_v1_0_4.xlslice_v1_0_4_xlslice(DIN_WIDTH...
Compiling module xil_defaultlib.design_2_xlslice_0_5
Compiling module xlslice_v1_0_4.xlslice_v1_0_4_xlslice(DIN_WIDTH...
Compiling module xil_defaultlib.design_2_xlslice_0_6
Compiling module xil_defaultlib.design_2_xlslice_0_7
Compiling module xil_defaultlib.hier_0_imp_13NGO1O
Compiling module xlslice_v1_0_4.xlslice_v1_0_4_xlslice(DIN_WIDTH...
Compiling module xil_defaultlib.design_2_xlslice_8_0
Compiling module xlslice_v1_0_4.xlslice_v1_0_4_xlslice(DIN_WIDTH...
Compiling module xil_defaultlib.design_2_xlslice_8_1
Compiling module xil_defaultlib.hier_1_imp_16M0QNZ
Compiling module xil_defaultlib.hier_3_imp_Y555WP
Compiling module xil_defaultlib.shift
Compiling module xil_defaultlib.design_2_shift_0_0
Compiling module xil_defaultlib.design_2_shift_0_1
Compiling module xil_defaultlib.hier_4_imp_ZODW7O
Compiling module xil_defaultlib.mux21
Compiling module xil_defaultlib.design_2_mux21_0_0
Compiling module xil_defaultlib.hier_5_imp_28UB37
Compiling module xil_defaultlib.hier_4_imp_15LXWVB
Compiling module xil_defaultlib.design_2
Compiling module xil_defaultlib.design_2_wrapper
Compiling module xil_defaultlib.glbl
Built simulation snapshot design_2_wrapper_behav
